<?xml version="1.0" encoding="UTF-8"?>
<testng-results ignored="0" total="2" passed="2" failed="0" skipped="0">
  <reporter-output>
  </reporter-output>
  <suite started-at="2022-09-28T13:05:23 IST" name="Default suite" finished-at="2022-09-28T13:07:20 IST" duration-ms="116978">
    <groups>
    </groups>
    <test started-at="2022-09-28T13:05:23 IST" name="Default test" finished-at="2022-09-28T13:07:20 IST" duration-ms="116978">
      <class name="BasicAnnotationExamples.ParallelTestWithMultiThread">
        <test-method signature="testOnChromeWithBrowserStackSignUp()[pri:0, instance:BasicAnnotationExamples.ParallelTestWithMultiThread@1a4013]" started-at="2022-09-28T13:05:23 IST" name="testOnChromeWithBrowserStackSignUp" finished-at="2022-09-28T13:06:17 IST" duration-ms="53825" status="PASS">
          <reporter-output>
          </reporter-output>
        </test-method> <!-- testOnChromeWithBrowserStackSignUp -->
        <test-method signature="testOnChromeWithBrowserStackUrl()[pri:0, instance:BasicAnnotationExamples.ParallelTestWithMultiThread@1a4013]" started-at="2022-09-28T13:06:17 IST" name="testOnChromeWithBrowserStackUrl" finished-at="2022-09-28T13:07:15 IST" duration-ms="58843" status="PASS">
          <reporter-output>
          </reporter-output>
        </test-method> <!-- testOnChromeWithBrowserStackUrl -->
        <test-method is-config="true" signature="close()[pri:0, instance:BasicAnnotationExamples.ParallelTestWithMultiThread@1a4013]" started-at="2022-09-28T13:07:15 IST" name="close" finished-at="2022-09-28T13:07:20 IST" duration-ms="4221" status="PASS">
          <reporter-output>
          </reporter-output>
        </test-method> <!-- close -->
      </class> <!-- BasicAnnotationExamples.ParallelTestWithMultiThread -->
    </test> <!-- Default test -->
  </suite> <!-- Default suite -->
</testng-results>
