<?xml version="1.0" encoding="UTF-8"?>
<!-- Generated by org.testng.reporters.JUnitXMLReporter -->
<testsuite ignored="0" hostname="DESKTOP-F572NSO" failures="0" tests="2" name="Default test" time="116.978" errors="0" timestamp="2022-09-28T13:07:20 IST">
  <testcase classname="BasicAnnotationExamples.ParallelTestWithMultiThread" name="testOnChromeWithBrowserStackSignUp" time="53.825"/>
  <testcase classname="BasicAnnotationExamples.ParallelTestWithMultiThread" name="testOnChromeWithBrowserStackUrl" time="58.843"/>
</testsuite> <!-- Default test -->
